<?xml version="1.0" encoding="UTF-8"?>
<!-- Generated by org.testng.reporters.JUnitReportReporter -->
<testsuite hostname="DESKTOP-P11B4KT" failures="0" tests="1" name="com.intellect.tests.TestGetAddress" time="3.728" errors="0" timestamp="10 May 2023 17:51:49 GMT" skipped="0">
  <testcase classname="com.intellect.tests.TestGetAddress" name="testGetAddress" time="3.728"/>
</testsuite> <!-- com.intellect.tests.TestGetAddress -->
