<?xml version="1.0" encoding="UTF-8"?>
<!-- Generated by org.testng.reporters.JUnitReportReporter -->
<testsuite hostname="DESKTOP-P11B4KT" failures="0" tests="1" name="com.intellect.tests.TestGetAddress" time="5.307" errors="0" timestamp="11 May 2023 07:18:45 GMT" skipped="0">
  <testcase classname="com.intellect.tests.TestGetAddress" name="testGetAddress" time="5.307"/>
</testsuite> <!-- com.intellect.tests.TestGetAddress -->
