<?xml version="1.0" encoding="UTF-8"?>
<!-- Generated by org.testng.reporters.JUnitReportReporter -->
<testsuite hostname="DESKTOP-P11B4KT" failures="0" tests="1" name="com.intellect.tests.TestGetCreditCardsDetails" time="4.842" errors="0" timestamp="10 May 2023 17:56:34 GMT" skipped="0">
  <testcase classname="com.intellect.tests.TestGetCreditCardsDetails" name="testGetCreditCardsDetails" time="4.842"/>
</testsuite> <!-- com.intellect.tests.TestGetCreditCardsDetails -->
