<?xml version="1.0" encoding="UTF-8"?>
<!-- Generated by org.testng.reporters.JUnitReportReporter -->
<testsuite hostname="DESKTOP-P11B4KT" failures="0" tests="1" name="com.intellect.tests.TestGetUsers" time="4.200" errors="0" timestamp="10 May 2023 17:51:32 GMT" skipped="0">
  <testcase classname="com.intellect.tests.TestGetUsers" name="testGetUsers" time="4.200"/>
</testsuite> <!-- com.intellect.tests.TestGetUsers -->
