<?xml version="1.0" encoding="UTF-8"?>
<!-- Generated by org.testng.reporters.JUnitReportReporter -->
<testsuite hostname="DESKTOP-P11B4KT" failures="0" tests="1" name="com.intellect.tests.TestGetUsers" time="6.015" errors="0" timestamp="11 May 2023 07:11:56 GMT" skipped="0">
  <testcase classname="com.intellect.tests.TestGetUsers" name="testGetUsers" time="6.015"/>
</testsuite> <!-- com.intellect.tests.TestGetUsers -->
