<?xml version="1.0" encoding="UTF-8"?>
<!-- Generated by org.testng.reporters.JUnitReportReporter -->
<testsuite hostname="DESKTOP-P11B4KT" failures="0" tests="1" name="com.intellect.tests.TestGetCreditCardsDetails" time="6.433" errors="0" timestamp="11 May 2023 08:25:52 GMT" skipped="0">
  <testcase classname="com.intellect.tests.TestGetCreditCardsDetails" name="testGetCreditCardsDetails" time="6.433"/>
</testsuite> <!-- com.intellect.tests.TestGetCreditCardsDetails -->
